This is pdfTeXk, Version 3.141592-1.40.3 (Web2C 7.5.6) (format=pdflatex 2015.9.22)  21 SEP 2016 01:51
entering extended mode
 %&-line parsing enabled.
**yields_allInputs_beforeZeroing.tex
(./yields_allInputs_beforeZeroing.tex
LaTeX2e <2005/12/01>
Babel <v3.8h> and hyphenation patterns for english, usenglishmax, dumylang, noh
yphenation, arabic, basque, bulgarian, coptic, welsh, czech, slovak, german, ng
erman, danish, esperanto, spanish, catalan, galician, estonian, farsi, finnish,
 french, greek, monogreek, ancientgreek, croatian, hungarian, interlingua, ibyc
us, indonesian, icelandic, italian, latin, mongolian, dutch, norsk, polish, por
tuguese, pinyin, romanian, russian, slovenian, uppersorbian, serbian, swedish, 
turkish, ukenglish, ukrainian, loaded.
(/usr/share/texmf/tex/latex/base/article.cls
Document Class: article 2005/09/16 v1.4f Standard LaTeX document class
(/usr/share/texmf/tex/latex/base/size10.clo
File: size10.clo 2005/09/16 v1.4f Standard LaTeX file (size option)
)
\c@part=\count79
\c@section=\count80
\c@subsection=\count81
\c@subsubsection=\count82
\c@paragraph=\count83
\c@subparagraph=\count84
\c@figure=\count85
\c@table=\count86
\abovecaptionskip=\skip41
\belowcaptionskip=\skip42
\bibindent=\dimen102
)
(/usr/share/texmf/tex/latex/geometry/geometry.sty
Package: geometry 2002/07/08 v3.2 Page Geometry

(/usr/share/texmf/tex/latex/graphics/keyval.sty
Package: keyval 1999/03/16 v1.13 key=value parser (DPC)
\KV@toks@=\toks14
)
\Gm@cnth=\count87
\Gm@cntv=\count88
\c@Gm@tempcnt=\count89
\Gm@bindingoffset=\dimen103
\Gm@wd@mp=\dimen104
\Gm@odd@mp=\dimen105
\Gm@even@mp=\dimen106
\Gm@dimlist=\toks15
)
(/usr/share/texmf/tex/latex/multirow/multirow.sty
\bigstrutjot=\dimen107
)
(/usr/share/texmf/tex/latex/graphics/color.sty
Package: color 2005/11/14 v1.0j Standard LaTeX Color (DPC)

(/cvmfs/cms.cern.ch/slc6_amd64_gcc530/external/rivet/2.4.0-giojec/share/Rivet/t
exmf/tex/latex/config/color.cfg
File: color.cfg 2007/01/18 v1.5 color configuration of teTeX/TeXLive
)
Package color Info: Driver file: pdftex.def on input line 130.

(/usr/share/texmf/tex/latex/pdftex-def/pdftex.def
File: pdftex.def 2007/01/08 v0.04d Graphics/color for pdfTeX
\Gread@gobject=\count90
))
(/usr/share/texmf/tex/latex/tools/longtable.sty
Package: longtable 2004/02/01 v4.11 Multi-page Table package (DPC)
\LTleft=\skip43
\LTright=\skip44
\LTpre=\skip45
\LTpost=\skip46
\LTchunksize=\count91
\LTcapwidth=\dimen108
\LT@head=\box26
\LT@firsthead=\box27
\LT@foot=\box28
\LT@lastfoot=\box29
\LT@cols=\count92
\LT@rows=\count93
\c@LT@tables=\count94
\c@LT@chunks=\count95
\LT@p@ftn=\toks16
)
(./yields_allInputs_beforeZeroing.aux)
\openout1 = `yields_allInputs_beforeZeroing.aux'.

LaTeX Font Info:    Checking defaults for OML/cmm/m/it on input line 7.
LaTeX Font Info:    ... okay on input line 7.
LaTeX Font Info:    Checking defaults for T1/cmr/m/n on input line 7.
LaTeX Font Info:    ... okay on input line 7.
LaTeX Font Info:    Checking defaults for OT1/cmr/m/n on input line 7.
LaTeX Font Info:    ... okay on input line 7.
LaTeX Font Info:    Checking defaults for OMS/cmsy/m/n on input line 7.
LaTeX Font Info:    ... okay on input line 7.
LaTeX Font Info:    Checking defaults for OMX/cmex/m/n on input line 7.
LaTeX Font Info:    ... okay on input line 7.
LaTeX Font Info:    Checking defaults for U/cmr/m/n on input line 7.
LaTeX Font Info:    ... okay on input line 7.
-------------------- Geometry parameters
paper: class default
landscape: true
twocolumn: --
twoside: --
asymmetric: --
h-parts: 119.2467pt, 0.7\paperwidth , 119.24672pt (default)
v-parts: 73.71613pt, 0.7\paperheight , 110.57425pt (default)
hmarginratio: 1:1
vmarginratio: 2:3
lines: --
heightrounded: --
bindingoffset: 0.0pt
truedimen: --
includehead: --
includefoot: --
includemp: --
driver: pdftex
-------------------- Page layout dimensions and switches
\paperwidth  794.96999pt
\paperheight 614.295pt
\textwidth  556.47656pt
\textheight 430.00462pt
\oddsidemargin  46.97672pt
\evensidemargin 46.97672pt
\topmargin  -35.55386pt
\headheight 12.0pt
\headsep    25.0pt
\footskip   30.0pt
\marginparwidth 65.0pt
\marginparsep   11.0pt
\columnsep  10.0pt
\skip\footins  9.0pt plus 4.0pt minus 2.0pt
\hoffset 0.0pt
\voffset 0.0pt
\mag 1000

(1in=72.27pt, 1cm=28.45pt)
-----------------------
LaTeX Font Info:    External font `cmex10' loaded for size
(Font)              <5> on input line 17.
 [1

{/usr/share/texmf/fonts/map/pdftex/updmap/pdftex.map}] [2] [3] [4] [5] [6] [7] 
[8] [9] [10] [11] [12] [13] [14]
[15]
Overfull \hbox (16.74863pt too wide) in alignment at lines 1066--1073
 [] [] [] [] [] [] [] 
 []


Overfull \hbox (16.74863pt too wide) in alignment at lines 1073--1080
 [] [] [] [] [] [] [] 
 []


Overfull \hbox (16.74863pt too wide) in alignment at lines 1080--1083
 [] [] [] [] [] [] [] 
 []


Overfull \hbox (16.74863pt too wide) in alignment at lines 1083--1086
 [] [] [] [] [] [] [] 
 []


Overfull \hbox (16.74863pt too wide) in alignment at lines 1086--1112
 [] [] [] [] [] [] [] 
 []


Overfull \hbox (16.74863pt too wide) in alignment at lines 1112--1135
 [] [] [] [] [] [] [] 
 []


Overfull \hbox (16.74863pt too wide) in alignment at lines 1135--1158
 [] [] [] [] [] [] [] 
 []


Overfull \hbox (16.74863pt too wide) in alignment at lines 1158--1182
 [] [] [] [] [] [] [] 
 []


Overfull \hbox (16.74863pt too wide) in alignment at lines 1182--1205
 [] [] [] [] [] [] [] 
 []

[16]
Overfull \hbox (16.74863pt too wide) in alignment at lines 1205--1228
 [] [] [] [] [] [] [] 
 []


Overfull \hbox (16.74863pt too wide) in alignment at lines 1228--1252
 [] [] [] [] [] [] [] 
 []


Overfull \hbox (16.74863pt too wide) in alignment at lines 1252--1275
 [] [] [] [] [] [] [] 
 []

[17]
Overfull \hbox (16.74863pt too wide) in alignment at lines 1275--1298
 [] [] [] [] [] [] [] 
 []


Overfull \hbox (16.74863pt too wide) in alignment at lines 1298--1322
 [] [] [] [] [] [] [] 
 []


Overfull \hbox (16.74863pt too wide) in alignment at lines 1322--1345
 [] [] [] [] [] [] [] 
 []

[18]
Overfull \hbox (16.74863pt too wide) in alignment at lines 1345--1368
 [] [] [] [] [] [] [] 
 []


Overfull \hbox (16.74863pt too wide) in alignment at lines 1368--1392
 [] [] [] [] [] [] [] 
 []


Overfull \hbox (16.74863pt too wide) in alignment at lines 1392--1405
 [] [] [] [] [] [] [] 
 []

[19] [20] [21] [22] [23] [24] [25] [26] [27] [28] [29] [30] [31] [32] [33]
[34] [35]
Overfull \hbox (16.74863pt too wide) in alignment at lines 2470--2477
 [] [] [] [] [] [] [] 
 []


Overfull \hbox (16.74863pt too wide) in alignment at lines 2477--2484
 [] [] [] [] [] [] [] 
 []


Overfull \hbox (16.74863pt too wide) in alignment at lines 2484--2487
 [] [] [] [] [] [] [] 
 []


Overfull \hbox (16.74863pt too wide) in alignment at lines 2487--2490
 [] [] [] [] [] [] [] 
 []


Overfull \hbox (16.74863pt too wide) in alignment at lines 2490--2516
 [] [] [] [] [] [] [] 
 []


Overfull \hbox (16.74863pt too wide) in alignment at lines 2516--2539
 [] [] [] [] [] [] [] 
 []


Overfull \hbox (16.74863pt too wide) in alignment at lines 2539--2562
 [] [] [] [] [] [] [] 
 []


Overfull \hbox (16.74863pt too wide) in alignment at lines 2562--2586
 [] [] [] [] [] [] [] 
 []


Overfull \hbox (16.74863pt too wide) in alignment at lines 2586--2609
 [] [] [] [] [] [] [] 
 []

[36]
Overfull \hbox (16.74863pt too wide) in alignment at lines 2609--2632
 [] [] [] [] [] [] [] 
 []


Overfull \hbox (16.74863pt too wide) in alignment at lines 2632--2656
 [] [] [] [] [] [] [] 
 []


Overfull \hbox (16.74863pt too wide) in alignment at lines 2656--2679
 [] [] [] [] [] [] [] 
 []

[37]
Overfull \hbox (16.74863pt too wide) in alignment at lines 2679--2702
 [] [] [] [] [] [] [] 
 []


Overfull \hbox (16.74863pt too wide) in alignment at lines 2702--2726
 [] [] [] [] [] [] [] 
 []


Overfull \hbox (16.74863pt too wide) in alignment at lines 2726--2749
 [] [] [] [] [] [] [] 
 []

[38]
Overfull \hbox (16.74863pt too wide) in alignment at lines 2749--2772
 [] [] [] [] [] [] [] 
 []


Overfull \hbox (16.74863pt too wide) in alignment at lines 2772--2796
 [] [] [] [] [] [] [] 
 []


Overfull \hbox (16.74863pt too wide) in alignment at lines 2796--2809
 [] [] [] [] [] [] [] 
 []

[39] [40] [41] [42] [43] [44] [45] [46] [47] [48] [49] [50] [51] [52] [53]
[54] [55]
Overfull \hbox (16.74863pt too wide) in alignment at lines 3874--3881
 [] [] [] [] [] [] [] 
 []


Overfull \hbox (16.74863pt too wide) in alignment at lines 3881--3888
 [] [] [] [] [] [] [] 
 []


Overfull \hbox (16.74863pt too wide) in alignment at lines 3888--3891
 [] [] [] [] [] [] [] 
 []


Overfull \hbox (16.74863pt too wide) in alignment at lines 3891--3894
 [] [] [] [] [] [] [] 
 []


Overfull \hbox (16.74863pt too wide) in alignment at lines 3894--3920
 [] [] [] [] [] [] [] 
 []


Overfull \hbox (16.74863pt too wide) in alignment at lines 3920--3943
 [] [] [] [] [] [] [] 
 []


Overfull \hbox (16.74863pt too wide) in alignment at lines 3943--3966
 [] [] [] [] [] [] [] 
 []


Overfull \hbox (16.74863pt too wide) in alignment at lines 3966--3990
 [] [] [] [] [] [] [] 
 []


Overfull \hbox (16.74863pt too wide) in alignment at lines 3990--4013
 [] [] [] [] [] [] [] 
 []

[56]
Overfull \hbox (16.74863pt too wide) in alignment at lines 4013--4036
 [] [] [] [] [] [] [] 
 []


Overfull \hbox (16.74863pt too wide) in alignment at lines 4036--4060
 [] [] [] [] [] [] [] 
 []


Overfull \hbox (16.74863pt too wide) in alignment at lines 4060--4083
 [] [] [] [] [] [] [] 
 []

[57]
Overfull \hbox (16.74863pt too wide) in alignment at lines 4083--4106
 [] [] [] [] [] [] [] 
 []


Overfull \hbox (16.74863pt too wide) in alignment at lines 4106--4130
 [] [] [] [] [] [] [] 
 []


Overfull \hbox (16.74863pt too wide) in alignment at lines 4130--4153
 [] [] [] [] [] [] [] 
 []

[58]
Overfull \hbox (16.74863pt too wide) in alignment at lines 4153--4176
 [] [] [] [] [] [] [] 
 []


Overfull \hbox (16.74863pt too wide) in alignment at lines 4176--4200
 [] [] [] [] [] [] [] 
 []


Overfull \hbox (16.74863pt too wide) in alignment at lines 4200--4213
 [] [] [] [] [] [] [] 
 []

[59] [60] (./yields_allInputs_beforeZeroing.aux) ) 
Here is how much of TeX's memory you used:
 879 strings out of 256214
 11526 string characters out of 1917000
 106517 words of memory out of 1500000
 4221 multiletter control sequences out of 10000+200000
 3949 words of font info for 15 fonts, out of 1200000 for 2000
 645 hyphenation exceptions out of 8191
 23i,7n,19p,258b,220s stack positions out of 5000i,500n,6000p,200000b,15000s
</usr/share/texmf/fonts/type1
/bluesky/cm/cmbx5.pfb></usr/share/texmf/fonts/type1/bluesky/cm/cmmi5.pfb></usr/
share/texmf/fonts/type1/bluesky/cm/cmr10.pfb></usr/share/texmf/fonts/type1/blue
sky/cm/cmr5.pfb></usr/share/texmf/fonts/type1/bluesky/cm/cmsy5.pfb>
Output written on yields_allInputs_beforeZeroing.pdf (60 pages, 316934 bytes).
PDF statistics:
 215 PDF objects out of 1000 (max. 8388607)
 0 named destinations out of 1000 (max. 131072)
 1 words of extra memory for PDF output out of 10000 (max. 10000000)

